<?xml version="1.0" encoding="UTF-8"?>
<coverage generated="1679487023382" clover="3.2.0">
  <project timestamp="1679487023382" name="All files">
    <metrics statements="30" coveredstatements="30" conditionals="8" coveredconditionals="7" methods="9" coveredmethods="9" elements="47" coveredelements="46" complexity="0" loc="30" ncloc="30" packages="1" files="1" classes="1"/>
    <file name="bankAccount.js" path="/Users/edward/Makers/bank-tech-test/bankAccount.js">
      <metrics statements="30" coveredstatements="30" conditionals="8" coveredconditionals="7" methods="9" coveredmethods="9"/>
      <line num="3" count="10" type="stmt"/>
      <line num="4" count="10" type="stmt"/>
      <line num="8" count="5" type="stmt"/>
      <line num="12" count="6" type="stmt"/>
      <line num="16" count="4" type="stmt"/>
      <line num="17" count="4" type="stmt"/>
      <line num="18" count="4" type="stmt"/>
      <line num="22" count="5" type="stmt"/>
      <line num="23" count="5" type="stmt"/>
      <line num="24" count="5" type="stmt"/>
      <line num="25" count="5" type="stmt"/>
      <line num="26" count="5" type="stmt"/>
      <line num="30" count="2" type="cond" truecount="2" falsecount="0"/>
      <line num="31" count="1" type="stmt"/>
      <line num="33" count="1" type="stmt"/>
      <line num="34" count="1" type="stmt"/>
      <line num="35" count="1" type="stmt"/>
      <line num="40" count="11" type="stmt"/>
      <line num="44" count="3" type="cond" truecount="2" falsecount="0"/>
      <line num="45" count="1" type="stmt"/>
      <line num="47" count="2" type="stmt"/>
      <line num="48" count="2" type="stmt"/>
      <line num="49" count="2" type="stmt"/>
      <line num="50" count="3" type="cond" truecount="2" falsecount="0"/>
      <line num="51" count="2" type="stmt"/>
      <line num="52" count="1" type="cond" truecount="1" falsecount="1"/>
      <line num="53" count="1" type="stmt"/>
      <line num="56" count="2" type="stmt"/>
      <line num="57" count="2" type="stmt"/>
      <line num="62" count="1" type="stmt"/>
    </file>
  </project>
</coverage>
