{"/Users/edward/Makers/bank-tech-test/bankAccount.js": {"path":"/Users/edward/Makers/bank-tech-test/bankAccount.js","statementMap":{"0":{"start":{"line":3,"column":8},"end":{"line":3,"column":25}},"1":{"start":{"line":4,"column":8},"end":{"line":4,"column":29}},"2":{"start":{"line":8,"column":8},"end":{"line":8,"column":28}},"3":{"start":{"line":12,"column":8},"end":{"line":12,"column":31}},"4":{"start":{"line":16,"column":8},"end":{"line":16,"column":30}},"5":{"start":{"line":17,"column":25},"end":{"line":17,"column":104}},"6":{"start":{"line":18,"column":8},"end":{"line":18,"column":41}},"7":{"start":{"line":22,"column":22},"end":{"line":22,"column":32}},"8":{"start":{"line":23,"column":20},"end":{"line":23,"column":63}},"9":{"start":{"line":24,"column":22},"end":{"line":24,"column":72}},"10":{"start":{"line":25,"column":21},"end":{"line":25,"column":61}},"11":{"start":{"line":26,"column":8},"end":{"line":26,"column":41}},"12":{"start":{"line":30,"column":8},"end":{"line":36,"column":9}},"13":{"start":{"line":31,"column":12},"end":{"line":31,"column":38}},"14":{"start":{"line":33,"column":12},"end":{"line":33,"column":34}},"15":{"start":{"line":34,"column":32},"end":{"line":34,"column":114}},"16":{"start":{"line":35,"column":12},"end":{"line":35,"column":48}},"17":{"start":{"line":40,"column":8},"end":{"line":40,"column":37}},"18":{"start":{"line":44,"column":8},"end":{"line":58,"column":9}},"19":{"start":{"line":45,"column":12},"end":{"line":45,"column":56}},"20":{"start":{"line":47,"column":33},"end":{"line":47,"column":69}},"21":{"start":{"line":48,"column":39},"end":{"line":48,"column":69}},"22":{"start":{"line":49,"column":12},"end":{"line":55,"column":14}},"23":{"start":{"line":50,"column":16},"end":{"line":54,"column":17}},"24":{"start":{"line":51,"column":20},"end":{"line":51,"column":130}},"25":{"start":{"line":52,"column":23},"end":{"line":54,"column":17}},"26":{"start":{"line":53,"column":20},"end":{"line":53,"column":130}},"27":{"start":{"line":56,"column":12},"end":{"line":56,"column":39}},"28":{"start":{"line":57,"column":12},"end":{"line":57,"column":34}},"29":{"start":{"line":62,"column":0},"end":{"line":62,"column":29}}},"fnMap":{"0":{"name":"(anonymous_0)","decl":{"start":{"line":2,"column":4},"end":{"line":2,"column":5}},"loc":{"start":{"line":2,"column":17},"end":{"line":5,"column":5}},"line":2},"1":{"name":"(anonymous_1)","decl":{"start":{"line":7,"column":4},"end":{"line":7,"column":5}},"loc":{"start":{"line":7,"column":16},"end":{"line":9,"column":5}},"line":7},"2":{"name":"(anonymous_2)","decl":{"start":{"line":11,"column":4},"end":{"line":11,"column":5}},"loc":{"start":{"line":11,"column":18},"end":{"line":13,"column":5}},"line":11},"3":{"name":"(anonymous_3)","decl":{"start":{"line":15,"column":4},"end":{"line":15,"column":5}},"loc":{"start":{"line":15,"column":18},"end":{"line":19,"column":5}},"line":15},"4":{"name":"(anonymous_4)","decl":{"start":{"line":21,"column":4},"end":{"line":21,"column":5}},"loc":{"start":{"line":21,"column":16},"end":{"line":27,"column":5}},"line":21},"5":{"name":"(anonymous_5)","decl":{"start":{"line":29,"column":4},"end":{"line":29,"column":5}},"loc":{"start":{"line":29,"column":19},"end":{"line":37,"column":5}},"line":29},"6":{"name":"(anonymous_6)","decl":{"start":{"line":39,"column":4},"end":{"line":39,"column":5}},"loc":{"start":{"line":39,"column":27},"end":{"line":41,"column":5}},"line":39},"7":{"name":"(anonymous_7)","decl":{"start":{"line":43,"column":4},"end":{"line":43,"column":5}},"loc":{"start":{"line":43,"column":21},"end":{"line":59,"column":5}},"line":43},"8":{"name":"(anonymous_8)","decl":{"start":{"line":49,"column":39},"end":{"line":49,"column":40}},"loc":{"start":{"line":49,"column":52},"end":{"line":55,"column":13}},"line":49}},"branchMap":{"0":{"loc":{"start":{"line":30,"column":8},"end":{"line":36,"column":9}},"type":"if","locations":[{"start":{"line":30,"column":8},"end":{"line":36,"column":9}},{"start":{"line":32,"column":15},"end":{"line":36,"column":9}}],"line":30},"1":{"loc":{"start":{"line":44,"column":8},"end":{"line":58,"column":9}},"type":"if","locations":[{"start":{"line":44,"column":8},"end":{"line":58,"column":9}},{"start":{"line":46,"column":15},"end":{"line":58,"column":9}}],"line":44},"2":{"loc":{"start":{"line":50,"column":16},"end":{"line":54,"column":17}},"type":"if","locations":[{"start":{"line":50,"column":16},"end":{"line":54,"column":17}},{"start":{"line":52,"column":23},"end":{"line":54,"column":17}}],"line":50},"3":{"loc":{"start":{"line":52,"column":23},"end":{"line":54,"column":17}},"type":"if","locations":[{"start":{"line":52,"column":23},"end":{"line":54,"column":17}},{"start":{},"end":{}}],"line":52}},"s":{"0":10,"1":10,"2":5,"3":6,"4":4,"5":4,"6":4,"7":5,"8":5,"9":5,"10":5,"11":5,"12":2,"13":1,"14":1,"15":1,"16":1,"17":11,"18":3,"19":1,"20":2,"21":2,"22":2,"23":3,"24":2,"25":1,"26":1,"27":2,"28":2,"29":1},"f":{"0":10,"1":5,"2":6,"3":4,"4":5,"5":2,"6":11,"7":3,"8":3},"b":{"0":[1,1],"1":[1,2],"2":[2,1],"3":[1,0]},"_coverageSchema":"1a1c01bbd47fc00a2c39e90264f33305004495a9","hash":"c42172f46236d1f3dca73156c79d84c0a03db76d"}
}
