TN:
SF:bankAccount.js
FN:2,(anonymous_0)
FN:7,(anonymous_1)
FN:11,(anonymous_2)
FN:15,(anonymous_3)
FN:21,(anonymous_4)
FN:29,(anonymous_5)
FN:39,(anonymous_6)
FN:43,(anonymous_7)
FN:49,(anonymous_8)
FNF:9
FNH:9
FNDA:10,(anonymous_0)
FNDA:5,(anonymous_1)
FNDA:6,(anonymous_2)
FNDA:4,(anonymous_3)
FNDA:5,(anonymous_4)
FNDA:2,(anonymous_5)
FNDA:11,(anonymous_6)
FNDA:3,(anonymous_7)
FNDA:3,(anonymous_8)
DA:3,10
DA:4,10
DA:8,5
DA:12,6
DA:16,4
DA:17,4
DA:18,4
DA:22,5
DA:23,5
DA:24,5
DA:25,5
DA:26,5
DA:30,2
DA:31,1
DA:33,1
DA:34,1
DA:35,1
DA:40,11
DA:44,3
DA:45,1
DA:47,2
DA:48,2
DA:49,2
DA:50,3
DA:51,2
DA:52,1
DA:53,1
DA:56,2
DA:57,2
DA:62,1
LF:30
LH:30
BRDA:30,0,0,1
BRDA:30,0,1,1
BRDA:44,1,0,1
BRDA:44,1,1,2
BRDA:50,2,0,2
BRDA:50,2,1,1
BRDA:52,3,0,1
BRDA:52,3,1,0
BRF:8
BRH:7
end_of_record
